current directory: /src/gems/websocket-driver-0.7.7/ext/websocket-driver
/usr/local/bin/ruby extconf.rb
creating Makefile

current directory: /src/gems/websocket-driver-0.7.7/ext/websocket-driver
make DESTDIR\= sitearchdir\=./.gem.20250223-10-7f5wvb sitelibdir\=./.gem.20250223-10-7f5wvb clean

current directory: /src/gems/websocket-driver-0.7.7/ext/websocket-driver
make DESTDIR\= sitearchdir\=./.gem.20250223-10-7f5wvb sitelibdir\=./.gem.20250223-10-7f5wvb
compiling websocket_mask.c
websocket_mask.c: In function ‘Init_websocket_mask’:
websocket_mask.c:26:6: warning: old-style function definition [-Wold-style-definition]
   26 | void Init_websocket_mask()
      |      ^~~~~~~~~~~~~~~~~~~
At top level:
cc1: note: unrecognized command-line option ‘-Wno-self-assign’ may have been intended to silence earlier diagnostics
cc1: note: unrecognized command-line option ‘-Wno-parentheses-equality’ may have been intended to silence earlier diagnostics
cc1: note: unrecognized command-line option ‘-Wno-constant-logical-operand’ may have been intended to silence earlier diagnostics
linking shared-object websocket_mask.so

current directory: /src/gems/websocket-driver-0.7.7/ext/websocket-driver
make DESTDIR\= sitearchdir\=./.gem.20250223-10-7f5wvb sitelibdir\=./.gem.20250223-10-7f5wvb install
/usr/bin/install -c -m 0755 websocket_mask.so ./.gem.20250223-10-7f5wvb

current directory: /src/gems/websocket-driver-0.7.7/ext/websocket-driver
make DESTDIR\= sitearchdir\=./.gem.20250223-10-7f5wvb sitelibdir\=./.gem.20250223-10-7f5wvb clean
