current directory: /src/gems/json-2.10.1/ext/json/ext/parser
/usr/local/bin/ruby extconf.rb
checking for rb_enc_interned_str() in ruby.h... yes
checking for rb_hash_new_capa() in ruby.h... yes
checking for rb_hash_bulk_insert() in ruby.h... yes
checking for rb_category_warn() in ruby.h... yes
checking for strnlen() in string.h... yes
checking for whether -std=c99 is accepted as CFLAGS... yes
creating Makefile

current directory: /src/gems/json-2.10.1/ext/json/ext/parser
make DESTDIR\= sitearchdir\=./.gem.20250223-10-78a153 sitelibdir\=./.gem.20250223-10-78a153 clean

current directory: /src/gems/json-2.10.1/ext/json/ext/parser
make DESTDIR\= sitearchdir\=./.gem.20250223-10-78a153 sitelibdir\=./.gem.20250223-10-78a153
compiling parser.c
linking shared-object json/ext/parser.so

current directory: /src/gems/json-2.10.1/ext/json/ext/parser
make DESTDIR\= sitearchdir\=./.gem.20250223-10-78a153 sitelibdir\=./.gem.20250223-10-78a153 install
/usr/bin/install -c -m 0755 parser.so ./.gem.20250223-10-78a153/json/ext

current directory: /src/gems/json-2.10.1/ext/json/ext/parser
make DESTDIR\= sitearchdir\=./.gem.20250223-10-78a153 sitelibdir\=./.gem.20250223-10-78a153 clean
